/home/benjaminliu/rover-ui/ros2_ws/install/sc_rover_sim/lib/python3.12/site-packages/sc_rover_sim/__init__.py
/home/benjaminliu/rover-ui/ros2_ws/install/sc_rover_sim/lib/python3.12/site-packages/sc_rover_sim/gps_sim.py
/home/benjaminliu/rover-ui/ros2_ws/install/sc_rover_sim/lib/python3.12/site-packages/sc_rover_sim/camera_sim.py
/home/benjaminliu/rover-ui/ros2_ws/install/sc_rover_sim/lib/python3.12/site-packages/sc_rover_sim/__pycache__/__init__.cpython-312.pyc
/home/benjaminliu/rover-ui/ros2_ws/install/sc_rover_sim/lib/python3.12/site-packages/sc_rover_sim/__pycache__/gps_sim.cpython-312.pyc
/home/benjaminliu/rover-ui/ros2_ws/install/sc_rover_sim/lib/python3.12/site-packages/sc_rover_sim/__pycache__/camera_sim.cpython-312.pyc
/home/benjaminliu/rover-ui/ros2_ws/install/sc_rover_sim/share/ament_index/resource_index/packages/sc_rover_sim
/home/benjaminliu/rover-ui/ros2_ws/install/sc_rover_sim/share/sc_rover_sim/package.xml
/home/benjaminliu/rover-ui/ros2_ws/install/sc_rover_sim/share/sc_rover_sim/launch/sim_sensors.launch.py
/home/benjaminliu/rover-ui/ros2_ws/install/sc_rover_sim/lib/python3.12/site-packages/sc_rover_sim-0.0.1-py3.12.egg-info/PKG-INFO
/home/benjaminliu/rover-ui/ros2_ws/install/sc_rover_sim/lib/python3.12/site-packages/sc_rover_sim-0.0.1-py3.12.egg-info/zip-safe
/home/benjaminliu/rover-ui/ros2_ws/install/sc_rover_sim/lib/python3.12/site-packages/sc_rover_sim-0.0.1-py3.12.egg-info/dependency_links.txt
/home/benjaminliu/rover-ui/ros2_ws/install/sc_rover_sim/lib/python3.12/site-packages/sc_rover_sim-0.0.1-py3.12.egg-info/entry_points.txt
/home/benjaminliu/rover-ui/ros2_ws/install/sc_rover_sim/lib/python3.12/site-packages/sc_rover_sim-0.0.1-py3.12.egg-info/requires.txt
/home/benjaminliu/rover-ui/ros2_ws/install/sc_rover_sim/lib/python3.12/site-packages/sc_rover_sim-0.0.1-py3.12.egg-info/SOURCES.txt
/home/benjaminliu/rover-ui/ros2_ws/install/sc_rover_sim/lib/python3.12/site-packages/sc_rover_sim-0.0.1-py3.12.egg-info/top_level.txt
/home/benjaminliu/rover-ui/ros2_ws/install/sc_rover_sim/bin/aruco_sim
/home/benjaminliu/rover-ui/ros2_ws/install/sc_rover_sim/bin/camera_sim
/home/benjaminliu/rover-ui/ros2_ws/install/sc_rover_sim/bin/gps_sim
/home/benjaminliu/rover-ui/ros2_ws/install/sc_rover_sim/bin/laserscan_sim
/home/benjaminliu/rover-ui/ros2_ws/install/sc_rover_sim/bin/map_sim
