[0.007s] Invoking command in '/home/benjaminliu/rover-ui/ros2_ws/build/sc_rover_bringup': AMENT_PREFIX_PATH=/home/benjaminliu/rover-ui/ros2_ws/install/sc_rover_sim:${AMENT_PREFIX_PATH} CMAKE_PREFIX_PATH=${CMAKE_PREFIX_PATH}:/opt/ros/jazzy DEBUGINFOD_URLS=https://debuginfod.ubuntu.com PATH=/home/benjaminliu/rover-ui/ros2_ws/install/sc_rover_sim/bin:${PATH} PYTHONPATH=/home/benjaminliu/rover-ui/ros2_ws/install/sc_rover_sim/lib/python3.12/site-packages:${PYTHONPATH} /usr/bin/cmake --build /home/benjaminliu/rover-ui/ros2_ws/build/sc_rover_bringup -- -j8 -l8
[0.046s] Invoked command in '/home/benjaminliu/rover-ui/ros2_ws/build/sc_rover_bringup' returned '0': AMENT_PREFIX_PATH=/home/benjaminliu/rover-ui/ros2_ws/install/sc_rover_sim:${AMENT_PREFIX_PATH} CMAKE_PREFIX_PATH=${CMAKE_PREFIX_PATH}:/opt/ros/jazzy DEBUGINFOD_URLS=https://debuginfod.ubuntu.com PATH=/home/benjaminliu/rover-ui/ros2_ws/install/sc_rover_sim/bin:${PATH} PYTHONPATH=/home/benjaminliu/rover-ui/ros2_ws/install/sc_rover_sim/lib/python3.12/site-packages:${PYTHONPATH} /usr/bin/cmake --build /home/benjaminliu/rover-ui/ros2_ws/build/sc_rover_bringup -- -j8 -l8
[0.053s] Invoking command in '/home/benjaminliu/rover-ui/ros2_ws/build/sc_rover_bringup': AMENT_PREFIX_PATH=/home/benjaminliu/rover-ui/ros2_ws/install/sc_rover_sim:${AMENT_PREFIX_PATH} CMAKE_PREFIX_PATH=${CMAKE_PREFIX_PATH}:/opt/ros/jazzy DEBUGINFOD_URLS=https://debuginfod.ubuntu.com PATH=/home/benjaminliu/rover-ui/ros2_ws/install/sc_rover_sim/bin:${PATH} PYTHONPATH=/home/benjaminliu/rover-ui/ros2_ws/install/sc_rover_sim/lib/python3.12/site-packages:${PYTHONPATH} /usr/bin/cmake --install /home/benjaminliu/rover-ui/ros2_ws/build/sc_rover_bringup
[0.058s] -- Install configuration: ""
[0.058s] -- Up-to-date: /home/benjaminliu/rover-ui/ros2_ws/install/sc_rover_bringup/share/sc_rover_bringup//launch
[0.058s] -- Up-to-date: /home/benjaminliu/rover-ui/ros2_ws/install/sc_rover_bringup/share/sc_rover_bringup//launch/demo_sim_ground.launch.py
[0.058s] -- Up-to-date: /home/benjaminliu/rover-ui/ros2_ws/install/sc_rover_bringup/share/ament_index/resource_index/package_run_dependencies/sc_rover_bringup
[0.058s] -- Up-to-date: /home/benjaminliu/rover-ui/ros2_ws/install/sc_rover_bringup/share/ament_index/resource_index/parent_prefix_path/sc_rover_bringup
[0.058s] -- Up-to-date: /home/benjaminliu/rover-ui/ros2_ws/install/sc_rover_bringup/share/sc_rover_bringup/environment/ament_prefix_path.sh
[0.058s] -- Up-to-date: /home/benjaminliu/rover-ui/ros2_ws/install/sc_rover_bringup/share/sc_rover_bringup/environment/ament_prefix_path.dsv
[0.058s] -- Up-to-date: /home/benjaminliu/rover-ui/ros2_ws/install/sc_rover_bringup/share/sc_rover_bringup/environment/path.sh
[0.058s] -- Up-to-date: /home/benjaminliu/rover-ui/ros2_ws/install/sc_rover_bringup/share/sc_rover_bringup/environment/path.dsv
[0.058s] -- Up-to-date: /home/benjaminliu/rover-ui/ros2_ws/install/sc_rover_bringup/share/sc_rover_bringup/local_setup.bash
[0.058s] -- Up-to-date: /home/benjaminliu/rover-ui/ros2_ws/install/sc_rover_bringup/share/sc_rover_bringup/local_setup.sh
[0.058s] -- Up-to-date: /home/benjaminliu/rover-ui/ros2_ws/install/sc_rover_bringup/share/sc_rover_bringup/local_setup.zsh
[0.058s] -- Up-to-date: /home/benjaminliu/rover-ui/ros2_ws/install/sc_rover_bringup/share/sc_rover_bringup/local_setup.dsv
[0.058s] -- Up-to-date: /home/benjaminliu/rover-ui/ros2_ws/install/sc_rover_bringup/share/sc_rover_bringup/package.dsv
[0.058s] -- Up-to-date: /home/benjaminliu/rover-ui/ros2_ws/install/sc_rover_bringup/share/ament_index/resource_index/packages/sc_rover_bringup
[0.058s] -- Up-to-date: /home/benjaminliu/rover-ui/ros2_ws/install/sc_rover_bringup/share/sc_rover_bringup/cmake/sc_rover_bringupConfig.cmake
[0.058s] -- Up-to-date: /home/benjaminliu/rover-ui/ros2_ws/install/sc_rover_bringup/share/sc_rover_bringup/cmake/sc_rover_bringupConfig-version.cmake
[0.058s] -- Up-to-date: /home/benjaminliu/rover-ui/ros2_ws/install/sc_rover_bringup/share/sc_rover_bringup/package.xml
[0.059s] Invoked command in '/home/benjaminliu/rover-ui/ros2_ws/build/sc_rover_bringup' returned '0': AMENT_PREFIX_PATH=/home/benjaminliu/rover-ui/ros2_ws/install/sc_rover_sim:${AMENT_PREFIX_PATH} CMAKE_PREFIX_PATH=${CMAKE_PREFIX_PATH}:/opt/ros/jazzy DEBUGINFOD_URLS=https://debuginfod.ubuntu.com PATH=/home/benjaminliu/rover-ui/ros2_ws/install/sc_rover_sim/bin:${PATH} PYTHONPATH=/home/benjaminliu/rover-ui/ros2_ws/install/sc_rover_sim/lib/python3.12/site-packages:${PYTHONPATH} /usr/bin/cmake --install /home/benjaminliu/rover-ui/ros2_ws/build/sc_rover_bringup
