[0.368s] Invoking command in '/home/benjaminliu/rover-ui/ros2_ws/src/sc_rover_sim': DEBUGINFOD_URLS=https://debuginfod.ubuntu.com PYTHONPATH=/home/benjaminliu/rover-ui/ros2_ws/build/sc_rover_sim/prefix_override:/usr/lib/python3/dist-packages/colcon_core/task/python/colcon_distutils_commands:/home/benjaminliu/rover-ui/ros2_ws/install/sc_rover_sim/lib/python3.12/site-packages:${PYTHONPATH} /usr/bin/python3 -W ignore:setup.py install is deprecated -W ignore:easy_install command is deprecated setup.py egg_info --egg-base ../../build/sc_rover_sim build --build-base /home/benjaminliu/rover-ui/ros2_ws/build/sc_rover_sim/build install --record /home/benjaminliu/rover-ui/ros2_ws/build/sc_rover_sim/install.log --single-version-externally-managed install_data
[0.502s] running egg_info
[0.510s] writing ../../build/sc_rover_sim/sc_rover_sim.egg-info/PKG-INFO
[0.510s] writing dependency_links to ../../build/sc_rover_sim/sc_rover_sim.egg-info/dependency_links.txt
[0.510s] writing entry points to ../../build/sc_rover_sim/sc_rover_sim.egg-info/entry_points.txt
[0.510s] writing requirements to ../../build/sc_rover_sim/sc_rover_sim.egg-info/requires.txt
[0.510s] writing top-level names to ../../build/sc_rover_sim/sc_rover_sim.egg-info/top_level.txt
[0.510s] writing manifest file '../../build/sc_rover_sim/sc_rover_sim.egg-info/SOURCES.txt'
[0.528s] reading manifest file '../../build/sc_rover_sim/sc_rover_sim.egg-info/SOURCES.txt'
[0.528s] writing manifest file '../../build/sc_rover_sim/sc_rover_sim.egg-info/SOURCES.txt'
[0.528s] running build
[0.528s] running build_py
[0.528s] copying sc_rover_sim/__init__.py -> /home/benjaminliu/rover-ui/ros2_ws/build/sc_rover_sim/build/lib/sc_rover_sim
[0.528s] copying sc_rover_sim/gps_sim.py -> /home/benjaminliu/rover-ui/ros2_ws/build/sc_rover_sim/build/lib/sc_rover_sim
[0.528s] copying sc_rover_sim/camera_sim.py -> /home/benjaminliu/rover-ui/ros2_ws/build/sc_rover_sim/build/lib/sc_rover_sim
[0.528s] running install
[0.532s] running install_lib
[0.540s] copying /home/benjaminliu/rover-ui/ros2_ws/build/sc_rover_sim/build/lib/sc_rover_sim/__init__.py -> /home/benjaminliu/rover-ui/ros2_ws/install/sc_rover_sim/lib/python3.12/site-packages/sc_rover_sim
[0.540s] copying /home/benjaminliu/rover-ui/ros2_ws/build/sc_rover_sim/build/lib/sc_rover_sim/gps_sim.py -> /home/benjaminliu/rover-ui/ros2_ws/install/sc_rover_sim/lib/python3.12/site-packages/sc_rover_sim
[0.540s] copying /home/benjaminliu/rover-ui/ros2_ws/build/sc_rover_sim/build/lib/sc_rover_sim/camera_sim.py -> /home/benjaminliu/rover-ui/ros2_ws/install/sc_rover_sim/lib/python3.12/site-packages/sc_rover_sim
[0.541s] byte-compiling /home/benjaminliu/rover-ui/ros2_ws/install/sc_rover_sim/lib/python3.12/site-packages/sc_rover_sim/__init__.py to __init__.cpython-312.pyc
[0.541s] byte-compiling /home/benjaminliu/rover-ui/ros2_ws/install/sc_rover_sim/lib/python3.12/site-packages/sc_rover_sim/gps_sim.py to gps_sim.cpython-312.pyc
[0.541s] byte-compiling /home/benjaminliu/rover-ui/ros2_ws/install/sc_rover_sim/lib/python3.12/site-packages/sc_rover_sim/camera_sim.py to camera_sim.cpython-312.pyc
[0.541s] running install_data
[0.541s] copying resource/sc_rover_sim -> /home/benjaminliu/rover-ui/ros2_ws/install/sc_rover_sim/share/ament_index/resource_index/packages
[0.541s] copying package.xml -> /home/benjaminliu/rover-ui/ros2_ws/install/sc_rover_sim/share/sc_rover_sim
[0.541s] copying launch/sim_sensors.launch.py -> /home/benjaminliu/rover-ui/ros2_ws/install/sc_rover_sim/share/sc_rover_sim/launch
[0.542s] running install_egg_info
[0.550s] removing '/home/benjaminliu/rover-ui/ros2_ws/install/sc_rover_sim/lib/python3.12/site-packages/sc_rover_sim-0.0.1-py3.12.egg-info' (and everything under it)
[0.550s] Copying ../../build/sc_rover_sim/sc_rover_sim.egg-info to /home/benjaminliu/rover-ui/ros2_ws/install/sc_rover_sim/lib/python3.12/site-packages/sc_rover_sim-0.0.1-py3.12.egg-info
[0.550s] running install_scripts
[0.607s] Installing aruco_sim script to /home/benjaminliu/rover-ui/ros2_ws/install/sc_rover_sim/bin
[0.608s] Installing camera_sim script to /home/benjaminliu/rover-ui/ros2_ws/install/sc_rover_sim/bin
[0.608s] Installing gps_sim script to /home/benjaminliu/rover-ui/ros2_ws/install/sc_rover_sim/bin
[0.608s] Installing laserscan_sim script to /home/benjaminliu/rover-ui/ros2_ws/install/sc_rover_sim/bin
[0.608s] Installing map_sim script to /home/benjaminliu/rover-ui/ros2_ws/install/sc_rover_sim/bin
[0.608s] writing list of installed files to '/home/benjaminliu/rover-ui/ros2_ws/build/sc_rover_sim/install.log'
[0.626s] Invoked command in '/home/benjaminliu/rover-ui/ros2_ws/src/sc_rover_sim' returned '0': DEBUGINFOD_URLS=https://debuginfod.ubuntu.com PYTHONPATH=/home/benjaminliu/rover-ui/ros2_ws/build/sc_rover_sim/prefix_override:/usr/lib/python3/dist-packages/colcon_core/task/python/colcon_distutils_commands:/home/benjaminliu/rover-ui/ros2_ws/install/sc_rover_sim/lib/python3.12/site-packages:${PYTHONPATH} /usr/bin/python3 -W ignore:setup.py install is deprecated -W ignore:easy_install command is deprecated setup.py egg_info --egg-base ../../build/sc_rover_sim build --build-base /home/benjaminliu/rover-ui/ros2_ws/build/sc_rover_sim/build install --record /home/benjaminliu/rover-ui/ros2_ws/build/sc_rover_sim/install.log --single-version-externally-managed install_data
