[0.128s] DEBUG:colcon:Command line arguments: ['/usr/bin/colcon', 'build']
[0.128s] DEBUG:colcon:Parsed command line arguments: Namespace(log_base=None, log_level=None, verb_name='build', build_base='build', install_base='install', merge_install=False, symlink_install=False, test_result_base=None, continue_on_error=False, executor='parallel', parallel_workers=8, event_handlers=None, ignore_user_meta=False, metas=['./colcon.meta'], base_paths=['.'], packages_ignore=None, packages_ignore_regex=None, paths=None, packages_up_to=None, packages_up_to_regex=None, packages_above=None, packages_above_and_dependencies=None, packages_above_depth=None, packages_select_by_dep=None, packages_skip_by_dep=None, packages_skip_up_to=None, packages_select_build_failed=False, packages_skip_build_finished=False, packages_select_test_failures=False, packages_skip_test_passed=False, packages_select=None, packages_skip=None, packages_select_regex=None, packages_skip_regex=None, packages_start=None, packages_end=None, allow_overriding=[], cmake_args=None, cmake_target=None, cmake_target_skip_unavailable=False, cmake_clean_cache=False, cmake_clean_first=False, cmake_force_configure=False, ament_cmake_args=None, catkin_cmake_args=None, catkin_skip_building_tests=False, mixin_files=None, mixin=None, verb_parser=<colcon_mixin.mixin.mixin_argument.MixinArgumentDecorator object at 0xffffbb999610>, verb_extension=<colcon_core.verb.build.BuildVerb object at 0xffffbb923530>, main=<bound method BuildVerb.main of <colcon_core.verb.build.BuildVerb object at 0xffffbb923530>>, mixin_verb=('build',))
[0.157s] Level 1:colcon.colcon_core.package_discovery:discover_packages(colcon_meta) check parameters
[0.157s] Level 1:colcon.colcon_core.package_discovery:discover_packages(recursive) check parameters
[0.157s] Level 1:colcon.colcon_core.package_discovery:discover_packages(ignore) check parameters
[0.157s] Level 1:colcon.colcon_core.package_discovery:discover_packages(path) check parameters
[0.157s] Level 1:colcon.colcon_core.package_discovery:discover_packages(colcon_meta) discover
[0.157s] Level 1:colcon.colcon_core.package_discovery:discover_packages(recursive) discover
[0.157s] INFO:colcon.colcon_core.package_discovery:Crawling recursively for packages in '/home/benjaminliu/rover-ui/ros2_ws'
[0.157s] Level 1:colcon.colcon_core.package_identification:_identify(.) by extensions ['ignore', 'ignore_ament_install']
[0.157s] Level 1:colcon.colcon_core.package_identification:_identify(.) by extension 'ignore'
[0.157s] Level 1:colcon.colcon_core.package_identification:_identify(.) by extension 'ignore_ament_install'
[0.157s] Level 1:colcon.colcon_core.package_identification:_identify(.) by extensions ['colcon_pkg']
[0.157s] Level 1:colcon.colcon_core.package_identification:_identify(.) by extension 'colcon_pkg'
[0.157s] Level 1:colcon.colcon_core.package_identification:_identify(.) by extensions ['colcon_meta']
[0.157s] Level 1:colcon.colcon_core.package_identification:_identify(.) by extension 'colcon_meta'
[0.157s] Level 1:colcon.colcon_core.package_identification:_identify(.) by extensions ['ros']
[0.157s] Level 1:colcon.colcon_core.package_identification:_identify(.) by extension 'ros'
[0.171s] Level 1:colcon.colcon_core.package_identification:_identify(.) by extensions ['cmake', 'python']
[0.171s] Level 1:colcon.colcon_core.package_identification:_identify(.) by extension 'cmake'
[0.171s] Level 1:colcon.colcon_core.package_identification:_identify(.) by extension 'python'
[0.171s] Level 1:colcon.colcon_core.package_identification:_identify(.) by extensions ['python_setup_py']
[0.171s] Level 1:colcon.colcon_core.package_identification:_identify(.) by extension 'python_setup_py'
[0.171s] Level 1:colcon.colcon_core.package_identification:_identify(build) by extensions ['ignore', 'ignore_ament_install']
[0.171s] Level 1:colcon.colcon_core.package_identification:_identify(build) by extension 'ignore'
[0.171s] Level 1:colcon.colcon_core.package_identification:_identify(build) ignored
[0.171s] Level 1:colcon.colcon_core.package_identification:_identify(install) by extensions ['ignore', 'ignore_ament_install']
[0.171s] Level 1:colcon.colcon_core.package_identification:_identify(install) by extension 'ignore'
[0.171s] Level 1:colcon.colcon_core.package_identification:_identify(install) ignored
[0.172s] Level 1:colcon.colcon_core.package_identification:_identify(log) by extensions ['ignore', 'ignore_ament_install']
[0.172s] Level 1:colcon.colcon_core.package_identification:_identify(log) by extension 'ignore'
[0.172s] Level 1:colcon.colcon_core.package_identification:_identify(log) ignored
[0.172s] Level 1:colcon.colcon_core.package_identification:_identify(src) by extensions ['ignore', 'ignore_ament_install']
[0.172s] Level 1:colcon.colcon_core.package_identification:_identify(src) by extension 'ignore'
[0.172s] Level 1:colcon.colcon_core.package_identification:_identify(src) by extension 'ignore_ament_install'
[0.172s] Level 1:colcon.colcon_core.package_identification:_identify(src) by extensions ['colcon_pkg']
[0.172s] Level 1:colcon.colcon_core.package_identification:_identify(src) by extension 'colcon_pkg'
[0.172s] Level 1:colcon.colcon_core.package_identification:_identify(src) by extensions ['colcon_meta']
[0.172s] Level 1:colcon.colcon_core.package_identification:_identify(src) by extension 'colcon_meta'
[0.172s] Level 1:colcon.colcon_core.package_identification:_identify(src) by extensions ['ros']
[0.172s] Level 1:colcon.colcon_core.package_identification:_identify(src) by extension 'ros'
[0.172s] Level 1:colcon.colcon_core.package_identification:_identify(src) by extensions ['cmake', 'python']
[0.172s] Level 1:colcon.colcon_core.package_identification:_identify(src) by extension 'cmake'
[0.172s] Level 1:colcon.colcon_core.package_identification:_identify(src) by extension 'python'
[0.172s] Level 1:colcon.colcon_core.package_identification:_identify(src) by extensions ['python_setup_py']
[0.172s] Level 1:colcon.colcon_core.package_identification:_identify(src) by extension 'python_setup_py'
[0.172s] Level 1:colcon.colcon_core.package_identification:_identify(src/sc_rover_bringup) by extensions ['ignore', 'ignore_ament_install']
[0.172s] Level 1:colcon.colcon_core.package_identification:_identify(src/sc_rover_bringup) by extension 'ignore'
[0.172s] Level 1:colcon.colcon_core.package_identification:_identify(src/sc_rover_bringup) by extension 'ignore_ament_install'
[0.172s] Level 1:colcon.colcon_core.package_identification:_identify(src/sc_rover_bringup) by extensions ['colcon_pkg']
[0.172s] Level 1:colcon.colcon_core.package_identification:_identify(src/sc_rover_bringup) by extension 'colcon_pkg'
[0.172s] Level 1:colcon.colcon_core.package_identification:_identify(src/sc_rover_bringup) by extensions ['colcon_meta']
[0.172s] Level 1:colcon.colcon_core.package_identification:_identify(src/sc_rover_bringup) by extension 'colcon_meta'
[0.172s] Level 1:colcon.colcon_core.package_identification:_identify(src/sc_rover_bringup) by extensions ['ros']
[0.172s] Level 1:colcon.colcon_core.package_identification:_identify(src/sc_rover_bringup) by extension 'ros'
[0.174s] DEBUG:colcon.colcon_core.package_identification:Package 'src/sc_rover_bringup' with type 'ros.ament_cmake' and name 'sc_rover_bringup'
[0.174s] Level 1:colcon.colcon_core.package_identification:_identify(src/sc_rover_sim) by extensions ['ignore', 'ignore_ament_install']
[0.174s] Level 1:colcon.colcon_core.package_identification:_identify(src/sc_rover_sim) by extension 'ignore'
[0.174s] Level 1:colcon.colcon_core.package_identification:_identify(src/sc_rover_sim) by extension 'ignore_ament_install'
[0.174s] Level 1:colcon.colcon_core.package_identification:_identify(src/sc_rover_sim) by extensions ['colcon_pkg']
[0.174s] Level 1:colcon.colcon_core.package_identification:_identify(src/sc_rover_sim) by extension 'colcon_pkg'
[0.174s] Level 1:colcon.colcon_core.package_identification:_identify(src/sc_rover_sim) by extensions ['colcon_meta']
[0.174s] Level 1:colcon.colcon_core.package_identification:_identify(src/sc_rover_sim) by extension 'colcon_meta'
[0.174s] Level 1:colcon.colcon_core.package_identification:_identify(src/sc_rover_sim) by extensions ['ros']
[0.174s] Level 1:colcon.colcon_core.package_identification:_identify(src/sc_rover_sim) by extension 'ros'
[0.174s] DEBUG:colcon.colcon_core.package_identification:Package 'src/sc_rover_sim' with type 'ros.ament_python' and name 'sc_rover_sim'
[0.174s] Level 1:colcon.colcon_core.package_discovery:discover_packages(recursive) using defaults
[0.174s] Level 1:colcon.colcon_core.package_discovery:discover_packages(ignore) discover
[0.174s] Level 1:colcon.colcon_core.package_discovery:discover_packages(ignore) using defaults
[0.174s] Level 1:colcon.colcon_core.package_discovery:discover_packages(path) discover
[0.174s] Level 1:colcon.colcon_core.package_discovery:discover_packages(path) using defaults
[0.188s] Level 1:colcon.colcon_core.package_discovery:discover_packages(prefix_path) check parameters
[0.188s] Level 1:colcon.colcon_core.package_discovery:discover_packages(prefix_path) discover
[0.189s] DEBUG:colcon.colcon_installed_package_information.package_discovery:Found 302 installed packages in /opt/ros/jazzy
[0.190s] Level 1:colcon.colcon_core.package_discovery:discover_packages(prefix_path) using defaults
[0.212s] Level 5:colcon.colcon_core.verb:set package 'sc_rover_sim' build argument 'cmake_args' from command line to 'None'
[0.212s] Level 5:colcon.colcon_core.verb:set package 'sc_rover_sim' build argument 'cmake_target' from command line to 'None'
[0.212s] Level 5:colcon.colcon_core.verb:set package 'sc_rover_sim' build argument 'cmake_target_skip_unavailable' from command line to 'False'
[0.212s] Level 5:colcon.colcon_core.verb:set package 'sc_rover_sim' build argument 'cmake_clean_cache' from command line to 'False'
[0.212s] Level 5:colcon.colcon_core.verb:set package 'sc_rover_sim' build argument 'cmake_clean_first' from command line to 'False'
[0.212s] Level 5:colcon.colcon_core.verb:set package 'sc_rover_sim' build argument 'cmake_force_configure' from command line to 'False'
[0.212s] Level 5:colcon.colcon_core.verb:set package 'sc_rover_sim' build argument 'ament_cmake_args' from command line to 'None'
[0.212s] Level 5:colcon.colcon_core.verb:set package 'sc_rover_sim' build argument 'catkin_cmake_args' from command line to 'None'
[0.212s] Level 5:colcon.colcon_core.verb:set package 'sc_rover_sim' build argument 'catkin_skip_building_tests' from command line to 'False'
[0.212s] DEBUG:colcon.colcon_core.verb:Building package 'sc_rover_sim' with the following arguments: {'ament_cmake_args': None, 'build_base': '/home/benjaminliu/rover-ui/ros2_ws/build/sc_rover_sim', 'catkin_cmake_args': None, 'catkin_skip_building_tests': False, 'cmake_args': None, 'cmake_clean_cache': False, 'cmake_clean_first': False, 'cmake_force_configure': False, 'cmake_target': None, 'cmake_target_skip_unavailable': False, 'install_base': '/home/benjaminliu/rover-ui/ros2_ws/install/sc_rover_sim', 'merge_install': False, 'path': '/home/benjaminliu/rover-ui/ros2_ws/src/sc_rover_sim', 'symlink_install': False, 'test_result_base': None}
[0.212s] Level 5:colcon.colcon_core.verb:set package 'sc_rover_bringup' build argument 'cmake_args' from command line to 'None'
[0.212s] Level 5:colcon.colcon_core.verb:set package 'sc_rover_bringup' build argument 'cmake_target' from command line to 'None'
[0.212s] Level 5:colcon.colcon_core.verb:set package 'sc_rover_bringup' build argument 'cmake_target_skip_unavailable' from command line to 'False'
[0.212s] Level 5:colcon.colcon_core.verb:set package 'sc_rover_bringup' build argument 'cmake_clean_cache' from command line to 'False'
[0.212s] Level 5:colcon.colcon_core.verb:set package 'sc_rover_bringup' build argument 'cmake_clean_first' from command line to 'False'
[0.212s] Level 5:colcon.colcon_core.verb:set package 'sc_rover_bringup' build argument 'cmake_force_configure' from command line to 'False'
[0.212s] Level 5:colcon.colcon_core.verb:set package 'sc_rover_bringup' build argument 'ament_cmake_args' from command line to 'None'
[0.212s] Level 5:colcon.colcon_core.verb:set package 'sc_rover_bringup' build argument 'catkin_cmake_args' from command line to 'None'
[0.212s] Level 5:colcon.colcon_core.verb:set package 'sc_rover_bringup' build argument 'catkin_skip_building_tests' from command line to 'False'
[0.212s] DEBUG:colcon.colcon_core.verb:Building package 'sc_rover_bringup' with the following arguments: {'ament_cmake_args': None, 'build_base': '/home/benjaminliu/rover-ui/ros2_ws/build/sc_rover_bringup', 'catkin_cmake_args': None, 'catkin_skip_building_tests': False, 'cmake_args': None, 'cmake_clean_cache': False, 'cmake_clean_first': False, 'cmake_force_configure': False, 'cmake_target': None, 'cmake_target_skip_unavailable': False, 'install_base': '/home/benjaminliu/rover-ui/ros2_ws/install/sc_rover_bringup', 'merge_install': False, 'path': '/home/benjaminliu/rover-ui/ros2_ws/src/sc_rover_bringup', 'symlink_install': False, 'test_result_base': None}
[0.212s] INFO:colcon.colcon_core.executor:Executing jobs using 'parallel' executor
[0.212s] DEBUG:colcon.colcon_parallel_executor.executor.parallel:run_until_complete
[0.213s] INFO:colcon.colcon_ros.task.ament_python.build:Building ROS package in '/home/benjaminliu/rover-ui/ros2_ws/src/sc_rover_sim' with build type 'ament_python'
[0.213s] Level 1:colcon.colcon_core.shell:create_environment_hook('sc_rover_sim', 'ament_prefix_path')
[0.215s] INFO:colcon.colcon_core.plugin_system:Skipping extension 'colcon_core.shell.bat': Not used on non-Windows systems
[0.215s] INFO:colcon.colcon_core.shell:Creating environment hook '/home/benjaminliu/rover-ui/ros2_ws/install/sc_rover_sim/share/sc_rover_sim/hook/ament_prefix_path.ps1'
[0.216s] INFO:colcon.colcon_core.shell:Creating environment descriptor '/home/benjaminliu/rover-ui/ros2_ws/install/sc_rover_sim/share/sc_rover_sim/hook/ament_prefix_path.dsv'
[0.216s] INFO:colcon.colcon_core.shell:Creating environment hook '/home/benjaminliu/rover-ui/ros2_ws/install/sc_rover_sim/share/sc_rover_sim/hook/ament_prefix_path.sh'
[0.217s] INFO:colcon.colcon_core.shell:Skip shell extension 'powershell' for command environment: Not usable outside of PowerShell
[0.217s] DEBUG:colcon.colcon_core.shell:Skip shell extension 'dsv' for command environment
[0.323s] INFO:colcon.colcon_core.task.python.build:Building Python package in '/home/benjaminliu/rover-ui/ros2_ws/src/sc_rover_sim'
[0.323s] INFO:colcon.colcon_core.shell:Skip shell extension 'powershell' for command environment: Not usable outside of PowerShell
[0.323s] DEBUG:colcon.colcon_core.shell:Skip shell extension 'dsv' for command environment
[0.705s] DEBUG:colcon.colcon_core.event_handler.log_command:Invoking command in '/home/benjaminliu/rover-ui/ros2_ws/src/sc_rover_sim': DEBUGINFOD_URLS=https://debuginfod.ubuntu.com PYTHONPATH=/home/benjaminliu/rover-ui/ros2_ws/build/sc_rover_sim/prefix_override:/usr/lib/python3/dist-packages/colcon_core/task/python/colcon_distutils_commands:/home/benjaminliu/rover-ui/ros2_ws/install/sc_rover_sim/lib/python3.12/site-packages:${PYTHONPATH} /usr/bin/python3 -W ignore:setup.py install is deprecated -W ignore:easy_install command is deprecated setup.py egg_info --egg-base ../../build/sc_rover_sim build --build-base /home/benjaminliu/rover-ui/ros2_ws/build/sc_rover_sim/build install --record /home/benjaminliu/rover-ui/ros2_ws/build/sc_rover_sim/install.log --single-version-externally-managed install_data
[0.949s] DEBUG:colcon.colcon_core.event_handler.log_command:Invoked command in '/home/benjaminliu/rover-ui/ros2_ws/src/sc_rover_sim' returned '0': DEBUGINFOD_URLS=https://debuginfod.ubuntu.com PYTHONPATH=/home/benjaminliu/rover-ui/ros2_ws/build/sc_rover_sim/prefix_override:/usr/lib/python3/dist-packages/colcon_core/task/python/colcon_distutils_commands:/home/benjaminliu/rover-ui/ros2_ws/install/sc_rover_sim/lib/python3.12/site-packages:${PYTHONPATH} /usr/bin/python3 -W ignore:setup.py install is deprecated -W ignore:easy_install command is deprecated setup.py egg_info --egg-base ../../build/sc_rover_sim build --build-base /home/benjaminliu/rover-ui/ros2_ws/build/sc_rover_sim/build install --record /home/benjaminliu/rover-ui/ros2_ws/build/sc_rover_sim/install.log --single-version-externally-managed install_data
[0.953s] Level 1:colcon.colcon_core.environment:checking '/home/benjaminliu/rover-ui/ros2_ws/install/sc_rover_sim' for CMake module files
[0.954s] Level 1:colcon.colcon_core.environment:checking '/home/benjaminliu/rover-ui/ros2_ws/install/sc_rover_sim' for CMake config files
[0.954s] Level 1:colcon.colcon_core.environment:checking '/home/benjaminliu/rover-ui/ros2_ws/install/sc_rover_sim/lib'
[0.954s] Level 1:colcon.colcon_core.environment:checking '/home/benjaminliu/rover-ui/ros2_ws/install/sc_rover_sim/bin'
[0.954s] Level 1:colcon.colcon_core.shell:create_environment_hook('sc_rover_sim', 'path')
[0.954s] INFO:colcon.colcon_core.shell:Creating environment hook '/home/benjaminliu/rover-ui/ros2_ws/install/sc_rover_sim/share/sc_rover_sim/hook/path.ps1'
[0.955s] INFO:colcon.colcon_core.shell:Creating environment descriptor '/home/benjaminliu/rover-ui/ros2_ws/install/sc_rover_sim/share/sc_rover_sim/hook/path.dsv'
[0.955s] INFO:colcon.colcon_core.shell:Creating environment hook '/home/benjaminliu/rover-ui/ros2_ws/install/sc_rover_sim/share/sc_rover_sim/hook/path.sh'
[0.955s] Level 1:colcon.colcon_core.environment:checking '/home/benjaminliu/rover-ui/ros2_ws/install/sc_rover_sim/lib/pkgconfig/sc_rover_sim.pc'
[0.955s] Level 1:colcon.colcon_core.environment:checking '/home/benjaminliu/rover-ui/ros2_ws/install/sc_rover_sim/lib/python3.12/site-packages'
[0.955s] Level 1:colcon.colcon_core.shell:create_environment_hook('sc_rover_sim', 'pythonpath')
[0.955s] INFO:colcon.colcon_core.shell:Creating environment hook '/home/benjaminliu/rover-ui/ros2_ws/install/sc_rover_sim/share/sc_rover_sim/hook/pythonpath.ps1'
[0.955s] INFO:colcon.colcon_core.shell:Creating environment descriptor '/home/benjaminliu/rover-ui/ros2_ws/install/sc_rover_sim/share/sc_rover_sim/hook/pythonpath.dsv'
[0.956s] INFO:colcon.colcon_core.shell:Creating environment hook '/home/benjaminliu/rover-ui/ros2_ws/install/sc_rover_sim/share/sc_rover_sim/hook/pythonpath.sh'
[0.956s] Level 1:colcon.colcon_core.environment:checking '/home/benjaminliu/rover-ui/ros2_ws/install/sc_rover_sim/bin'
[0.956s] Level 1:colcon.colcon_core.shell:create_environment_hook('sc_rover_sim', 'pythonscriptspath')
[0.956s] INFO:colcon.colcon_core.shell:Creating environment hook '/home/benjaminliu/rover-ui/ros2_ws/install/sc_rover_sim/share/sc_rover_sim/hook/pythonscriptspath.ps1'
[0.956s] INFO:colcon.colcon_core.shell:Creating environment descriptor '/home/benjaminliu/rover-ui/ros2_ws/install/sc_rover_sim/share/sc_rover_sim/hook/pythonscriptspath.dsv'
[0.956s] INFO:colcon.colcon_core.shell:Creating environment hook '/home/benjaminliu/rover-ui/ros2_ws/install/sc_rover_sim/share/sc_rover_sim/hook/pythonscriptspath.sh'
[0.956s] Level 1:colcon.colcon_core.environment:create_environment_scripts_only(sc_rover_sim)
[0.957s] INFO:colcon.colcon_core.shell:Creating package script '/home/benjaminliu/rover-ui/ros2_ws/install/sc_rover_sim/share/sc_rover_sim/package.ps1'
[0.957s] INFO:colcon.colcon_core.shell:Creating package descriptor '/home/benjaminliu/rover-ui/ros2_ws/install/sc_rover_sim/share/sc_rover_sim/package.dsv'
[0.957s] INFO:colcon.colcon_core.shell:Creating package script '/home/benjaminliu/rover-ui/ros2_ws/install/sc_rover_sim/share/sc_rover_sim/package.sh'
[0.958s] INFO:colcon.colcon_core.shell:Creating package script '/home/benjaminliu/rover-ui/ros2_ws/install/sc_rover_sim/share/sc_rover_sim/package.bash'
[0.958s] INFO:colcon.colcon_core.shell:Creating package script '/home/benjaminliu/rover-ui/ros2_ws/install/sc_rover_sim/share/sc_rover_sim/package.zsh'
[0.959s] Level 1:colcon.colcon_core.environment:create_file_with_runtime_dependencies(/home/benjaminliu/rover-ui/ros2_ws/install/sc_rover_sim/share/colcon-core/packages/sc_rover_sim)
[0.959s] INFO:colcon.colcon_ros.task.ament_cmake.build:Building ROS package in '/home/benjaminliu/rover-ui/ros2_ws/src/sc_rover_bringup' with build type 'ament_cmake'
[0.959s] INFO:colcon.colcon_cmake.task.cmake.build:Building CMake package in '/home/benjaminliu/rover-ui/ros2_ws/src/sc_rover_bringup'
[0.959s] INFO:colcon.colcon_core.shell:Skip shell extension 'powershell' for command environment: Not usable outside of PowerShell
[0.959s] DEBUG:colcon.colcon_core.shell:Skip shell extension 'dsv' for command environment
[0.967s] DEBUG:colcon.colcon_core.event_handler.log_command:Invoking command in '/home/benjaminliu/rover-ui/ros2_ws/build/sc_rover_bringup': AMENT_PREFIX_PATH=/home/benjaminliu/rover-ui/ros2_ws/install/sc_rover_sim:${AMENT_PREFIX_PATH} CMAKE_PREFIX_PATH=${CMAKE_PREFIX_PATH}:/opt/ros/jazzy DEBUGINFOD_URLS=https://debuginfod.ubuntu.com PATH=/home/benjaminliu/rover-ui/ros2_ws/install/sc_rover_sim/bin:${PATH} PYTHONPATH=/home/benjaminliu/rover-ui/ros2_ws/install/sc_rover_sim/lib/python3.12/site-packages:${PYTHONPATH} /usr/bin/cmake --build /home/benjaminliu/rover-ui/ros2_ws/build/sc_rover_bringup -- -j8 -l8
[1.006s] DEBUG:colcon.colcon_core.event_handler.log_command:Invoked command in '/home/benjaminliu/rover-ui/ros2_ws/build/sc_rover_bringup' returned '0': AMENT_PREFIX_PATH=/home/benjaminliu/rover-ui/ros2_ws/install/sc_rover_sim:${AMENT_PREFIX_PATH} CMAKE_PREFIX_PATH=${CMAKE_PREFIX_PATH}:/opt/ros/jazzy DEBUGINFOD_URLS=https://debuginfod.ubuntu.com PATH=/home/benjaminliu/rover-ui/ros2_ws/install/sc_rover_sim/bin:${PATH} PYTHONPATH=/home/benjaminliu/rover-ui/ros2_ws/install/sc_rover_sim/lib/python3.12/site-packages:${PYTHONPATH} /usr/bin/cmake --build /home/benjaminliu/rover-ui/ros2_ws/build/sc_rover_bringup -- -j8 -l8
[1.013s] DEBUG:colcon.colcon_core.event_handler.log_command:Invoking command in '/home/benjaminliu/rover-ui/ros2_ws/build/sc_rover_bringup': AMENT_PREFIX_PATH=/home/benjaminliu/rover-ui/ros2_ws/install/sc_rover_sim:${AMENT_PREFIX_PATH} CMAKE_PREFIX_PATH=${CMAKE_PREFIX_PATH}:/opt/ros/jazzy DEBUGINFOD_URLS=https://debuginfod.ubuntu.com PATH=/home/benjaminliu/rover-ui/ros2_ws/install/sc_rover_sim/bin:${PATH} PYTHONPATH=/home/benjaminliu/rover-ui/ros2_ws/install/sc_rover_sim/lib/python3.12/site-packages:${PYTHONPATH} /usr/bin/cmake --install /home/benjaminliu/rover-ui/ros2_ws/build/sc_rover_bringup
[1.019s] Level 1:colcon.colcon_core.environment:create_environment_scripts_only(sc_rover_bringup)
[1.019s] DEBUG:colcon.colcon_core.event_handler.log_command:Invoked command in '/home/benjaminliu/rover-ui/ros2_ws/build/sc_rover_bringup' returned '0': AMENT_PREFIX_PATH=/home/benjaminliu/rover-ui/ros2_ws/install/sc_rover_sim:${AMENT_PREFIX_PATH} CMAKE_PREFIX_PATH=${CMAKE_PREFIX_PATH}:/opt/ros/jazzy DEBUGINFOD_URLS=https://debuginfod.ubuntu.com PATH=/home/benjaminliu/rover-ui/ros2_ws/install/sc_rover_sim/bin:${PATH} PYTHONPATH=/home/benjaminliu/rover-ui/ros2_ws/install/sc_rover_sim/lib/python3.12/site-packages:${PYTHONPATH} /usr/bin/cmake --install /home/benjaminliu/rover-ui/ros2_ws/build/sc_rover_bringup
[1.019s] Level 1:colcon.colcon_core.environment:checking '/home/benjaminliu/rover-ui/ros2_ws/install/sc_rover_bringup' for CMake module files
[1.020s] Level 1:colcon.colcon_core.environment:checking '/home/benjaminliu/rover-ui/ros2_ws/install/sc_rover_bringup' for CMake config files
[1.021s] Level 1:colcon.colcon_core.shell:create_environment_hook('sc_rover_bringup', 'cmake_prefix_path')
[1.021s] INFO:colcon.colcon_core.shell:Creating environment hook '/home/benjaminliu/rover-ui/ros2_ws/install/sc_rover_bringup/share/sc_rover_bringup/hook/cmake_prefix_path.ps1'
[1.021s] INFO:colcon.colcon_core.shell:Creating environment descriptor '/home/benjaminliu/rover-ui/ros2_ws/install/sc_rover_bringup/share/sc_rover_bringup/hook/cmake_prefix_path.dsv'
[1.022s] INFO:colcon.colcon_core.shell:Creating environment hook '/home/benjaminliu/rover-ui/ros2_ws/install/sc_rover_bringup/share/sc_rover_bringup/hook/cmake_prefix_path.sh'
[1.022s] Level 1:colcon.colcon_core.environment:checking '/home/benjaminliu/rover-ui/ros2_ws/install/sc_rover_bringup/bin'
[1.022s] Level 1:colcon.colcon_core.environment:checking '/home/benjaminliu/rover-ui/ros2_ws/install/sc_rover_bringup/lib/pkgconfig/sc_rover_bringup.pc'
[1.023s] Level 1:colcon.colcon_core.environment:checking '/home/benjaminliu/rover-ui/ros2_ws/install/sc_rover_bringup/lib/python3.12/site-packages'
[1.023s] Level 1:colcon.colcon_core.environment:checking '/home/benjaminliu/rover-ui/ros2_ws/install/sc_rover_bringup/bin'
[1.023s] INFO:colcon.colcon_core.shell:Creating package script '/home/benjaminliu/rover-ui/ros2_ws/install/sc_rover_bringup/share/sc_rover_bringup/package.ps1'
[1.024s] INFO:colcon.colcon_core.shell:Creating package descriptor '/home/benjaminliu/rover-ui/ros2_ws/install/sc_rover_bringup/share/sc_rover_bringup/package.dsv'
[1.024s] INFO:colcon.colcon_core.shell:Creating package script '/home/benjaminliu/rover-ui/ros2_ws/install/sc_rover_bringup/share/sc_rover_bringup/package.sh'
[1.024s] INFO:colcon.colcon_core.shell:Creating package script '/home/benjaminliu/rover-ui/ros2_ws/install/sc_rover_bringup/share/sc_rover_bringup/package.bash'
[1.025s] INFO:colcon.colcon_core.shell:Creating package script '/home/benjaminliu/rover-ui/ros2_ws/install/sc_rover_bringup/share/sc_rover_bringup/package.zsh'
[1.025s] Level 1:colcon.colcon_core.environment:create_file_with_runtime_dependencies(/home/benjaminliu/rover-ui/ros2_ws/install/sc_rover_bringup/share/colcon-core/packages/sc_rover_bringup)
[1.025s] Level 1:colcon.colcon_core.environment:create_environment_scripts_only(sc_rover_bringup)
[1.026s] Level 1:colcon.colcon_core.environment:checking '/home/benjaminliu/rover-ui/ros2_ws/install/sc_rover_bringup' for CMake module files
[1.026s] Level 1:colcon.colcon_core.environment:checking '/home/benjaminliu/rover-ui/ros2_ws/install/sc_rover_bringup' for CMake config files
[1.027s] Level 1:colcon.colcon_core.shell:create_environment_hook('sc_rover_bringup', 'cmake_prefix_path')
[1.027s] INFO:colcon.colcon_core.shell:Creating environment hook '/home/benjaminliu/rover-ui/ros2_ws/install/sc_rover_bringup/share/sc_rover_bringup/hook/cmake_prefix_path.ps1'
[1.027s] INFO:colcon.colcon_core.shell:Creating environment descriptor '/home/benjaminliu/rover-ui/ros2_ws/install/sc_rover_bringup/share/sc_rover_bringup/hook/cmake_prefix_path.dsv'
[1.027s] INFO:colcon.colcon_core.shell:Creating environment hook '/home/benjaminliu/rover-ui/ros2_ws/install/sc_rover_bringup/share/sc_rover_bringup/hook/cmake_prefix_path.sh'
[1.028s] Level 1:colcon.colcon_core.environment:checking '/home/benjaminliu/rover-ui/ros2_ws/install/sc_rover_bringup/bin'
[1.028s] Level 1:colcon.colcon_core.environment:checking '/home/benjaminliu/rover-ui/ros2_ws/install/sc_rover_bringup/lib/pkgconfig/sc_rover_bringup.pc'
[1.028s] Level 1:colcon.colcon_core.environment:checking '/home/benjaminliu/rover-ui/ros2_ws/install/sc_rover_bringup/lib/python3.12/site-packages'
[1.028s] Level 1:colcon.colcon_core.environment:checking '/home/benjaminliu/rover-ui/ros2_ws/install/sc_rover_bringup/bin'
[1.029s] INFO:colcon.colcon_core.shell:Creating package script '/home/benjaminliu/rover-ui/ros2_ws/install/sc_rover_bringup/share/sc_rover_bringup/package.ps1'
[1.029s] INFO:colcon.colcon_core.shell:Creating package descriptor '/home/benjaminliu/rover-ui/ros2_ws/install/sc_rover_bringup/share/sc_rover_bringup/package.dsv'
[1.030s] INFO:colcon.colcon_core.shell:Creating package script '/home/benjaminliu/rover-ui/ros2_ws/install/sc_rover_bringup/share/sc_rover_bringup/package.sh'
[1.030s] INFO:colcon.colcon_core.shell:Creating package script '/home/benjaminliu/rover-ui/ros2_ws/install/sc_rover_bringup/share/sc_rover_bringup/package.bash'
[1.030s] INFO:colcon.colcon_core.shell:Creating package script '/home/benjaminliu/rover-ui/ros2_ws/install/sc_rover_bringup/share/sc_rover_bringup/package.zsh'
[1.031s] Level 1:colcon.colcon_core.environment:create_file_with_runtime_dependencies(/home/benjaminliu/rover-ui/ros2_ws/install/sc_rover_bringup/share/colcon-core/packages/sc_rover_bringup)
[1.031s] DEBUG:colcon.colcon_parallel_executor.executor.parallel:closing loop
[1.031s] DEBUG:colcon.colcon_parallel_executor.executor.parallel:loop closed
[1.032s] DEBUG:colcon.colcon_parallel_executor.executor.parallel:run_until_complete finished with '0'
[1.032s] DEBUG:colcon.colcon_core.event_reactor:joining thread
[1.035s] INFO:colcon.colcon_core.plugin_system:Skipping extension 'colcon_notification.desktop_notification.terminal_notifier': Not used on non-Darwin systems
[1.035s] INFO:colcon.colcon_core.plugin_system:Skipping extension 'colcon_notification.desktop_notification.win32': Not used on non-Windows systems
[1.035s] INFO:colcon.colcon_notification.desktop_notification:Sending desktop notification using 'notify2'
[1.055s] DEBUG:colcon.colcon_core.event_reactor:joined thread
[1.055s] INFO:colcon.colcon_core.shell:Creating prefix script '/home/benjaminliu/rover-ui/ros2_ws/install/local_setup.ps1'
[1.056s] INFO:colcon.colcon_core.shell:Creating prefix util module '/home/benjaminliu/rover-ui/ros2_ws/install/_local_setup_util_ps1.py'
[1.057s] INFO:colcon.colcon_core.shell:Creating prefix chain script '/home/benjaminliu/rover-ui/ros2_ws/install/setup.ps1'
[1.057s] INFO:colcon.colcon_core.shell:Creating prefix script '/home/benjaminliu/rover-ui/ros2_ws/install/local_setup.sh'
[1.057s] INFO:colcon.colcon_core.shell:Creating prefix util module '/home/benjaminliu/rover-ui/ros2_ws/install/_local_setup_util_sh.py'
[1.058s] INFO:colcon.colcon_core.shell:Creating prefix chain script '/home/benjaminliu/rover-ui/ros2_ws/install/setup.sh'
[1.058s] INFO:colcon.colcon_core.shell:Creating prefix script '/home/benjaminliu/rover-ui/ros2_ws/install/local_setup.bash'
[1.058s] INFO:colcon.colcon_core.shell:Creating prefix chain script '/home/benjaminliu/rover-ui/ros2_ws/install/setup.bash'
[1.059s] INFO:colcon.colcon_core.shell:Creating prefix script '/home/benjaminliu/rover-ui/ros2_ws/install/local_setup.zsh'
[1.059s] INFO:colcon.colcon_core.shell:Creating prefix chain script '/home/benjaminliu/rover-ui/ros2_ws/install/setup.zsh'
