running egg_info
writing ../../build/sc_rover_sim/sc_rover_sim.egg-info/PKG-INFO
writing dependency_links to ../../build/sc_rover_sim/sc_rover_sim.egg-info/dependency_links.txt
writing entry points to ../../build/sc_rover_sim/sc_rover_sim.egg-info/entry_points.txt
writing requirements to ../../build/sc_rover_sim/sc_rover_sim.egg-info/requires.txt
writing top-level names to ../../build/sc_rover_sim/sc_rover_sim.egg-info/top_level.txt
reading manifest file '../../build/sc_rover_sim/sc_rover_sim.egg-info/SOURCES.txt'
writing manifest file '../../build/sc_rover_sim/sc_rover_sim.egg-info/SOURCES.txt'
running build
running build_py
running install
running install_lib
running install_data
running install_egg_info
removing '/home/benjaminliu/rover-ui/ros2_ws/install/sc_rover_sim/lib/python3.12/site-packages/sc_rover_sim-0.0.1-py3.12.egg-info' (and everything under it)
Copying ../../build/sc_rover_sim/sc_rover_sim.egg-info to /home/benjaminliu/rover-ui/ros2_ws/install/sc_rover_sim/lib/python3.12/site-packages/sc_rover_sim-0.0.1-py3.12.egg-info
running install_scripts
Installing aruco_sim script to /home/benjaminliu/rover-ui/ros2_ws/install/sc_rover_sim/bin
Installing camera_sim script to /home/benjaminliu/rover-ui/ros2_ws/install/sc_rover_sim/bin
Installing gps_sim script to /home/benjaminliu/rover-ui/ros2_ws/install/sc_rover_sim/bin
Installing laserscan_sim script to /home/benjaminliu/rover-ui/ros2_ws/install/sc_rover_sim/bin
Installing map_sim script to /home/benjaminliu/rover-ui/ros2_ws/install/sc_rover_sim/bin
writing list of installed files to '/home/benjaminliu/rover-ui/ros2_ws/build/sc_rover_sim/install.log'
